------------------------------------------------------------------------------------
Date: 9/6/2025 -- 11:00:06 (uptime: 0d, 00h 00m 08s)
------------------------------------------------------------------------------------
Counter                                       | TM Name                   | Value
------------------------------------------------------------------------------------
capture.kernel_packets                        | Total                     | 5
capture.afpacket.busy_loop_avg                | Total                     | 1
capture.afpacket.polls                        | Total                     | 627
capture.afpacket.poll_timeout                 | Total                     | 231
capture.afpacket.poll_data                    | Total                     | 396
decoder.pkts                                  | Total                     | 6
decoder.bytes                                 | Total                     | 496
decoder.ipv6                                  | Total                     | 6
decoder.ethernet                              | Total                     | 6
decoder.icmpv6                                | Total                     | 6
decoder.avg_pkt_size                          | Total                     | 82
decoder.max_pkt_size                          | Total                     | 90
flow.total                                    | Total                     | 4
flow.active                                   | Total                     | 4
flow.icmpv6                                   | Total                     | 4
flow.wrk.spare_sync_avg                       | Total                     | 100
flow.wrk.spare_sync                           | Total                     | 2
decoder.event.ipv6.zero_len_padn              | Total                     | 3
flow.mgr.rows_per_sec                         | Total                     | 6553
flow.spare                                    | Total                     | 9800
flow.mgr.rows_maxlen                          | Total                     | 1
flow.mgr.flows_checked                        | Total                     | 2
flow.mgr.flows_notimeout                      | Total                     | 2
memcap_pressure                               | Total                     | 7
memcap_pressure_max                           | Total                     | 7
tcp.memuse                                    | Total                     | 2424832
tcp.reassembly_memuse                         | Total                     | 458752
flow.memuse                                   | Total                     | 9411456
------------------------------------------------------------------------------------
Date: 9/6/2025 -- 11:00:14 (uptime: 0d, 00h 00m 16s)
------------------------------------------------------------------------------------
Counter                                       | TM Name                   | Value
------------------------------------------------------------------------------------
capture.kernel_packets                        | Total                     | 7
capture.afpacket.busy_loop_avg                | Total                     | 1
capture.afpacket.polls                        | Total                     | 1147
capture.afpacket.poll_timeout                 | Total                     | 582
capture.afpacket.poll_data                    | Total                     | 565
decoder.pkts                                  | Total                     | 7
decoder.bytes                                 | Total                     | 566
decoder.ipv6                                  | Total                     | 7
decoder.ethernet                              | Total                     | 7
decoder.icmpv6                                | Total                     | 7
decoder.avg_pkt_size                          | Total                     | 80
decoder.max_pkt_size                          | Total                     | 90
flow.total                                    | Total                     | 4
flow.active                                   | Total                     | 4
flow.icmpv6                                   | Total                     | 4
flow.wrk.spare_sync_avg                       | Total                     | 100
flow.wrk.spare_sync                           | Total                     | 2
decoder.event.ipv6.zero_len_padn              | Total                     | 3
flow.mgr.full_hash_pass                       | Total                     | 1
flow.mgr.rows_per_sec                         | Total                     | 6553
flow.spare                                    | Total                     | 9800
flow.mgr.rows_maxlen                          | Total                     | 1
flow.mgr.flows_checked                        | Total                     | 4
flow.mgr.flows_notimeout                      | Total                     | 4
memcap_pressure                               | Total                     | 7
memcap_pressure_max                           | Total                     | 7
tcp.memuse                                    | Total                     | 2424832
tcp.reassembly_memuse                         | Total                     | 458752
flow.memuse                                   | Total                     | 9411456
------------------------------------------------------------------------------------
Date: 9/6/2025 -- 11:00:22 (uptime: 0d, 00h 00m 24s)
------------------------------------------------------------------------------------
Counter                                       | TM Name                   | Value
------------------------------------------------------------------------------------
capture.kernel_packets                        | Total                     | 7
capture.afpacket.busy_loop_avg                | Total                     | 1
capture.afpacket.polls                        | Total                     | 1387
capture.afpacket.poll_timeout                 | Total                     | 822
capture.afpacket.poll_data                    | Total                     | 565
decoder.pkts                                  | Total                     | 7
decoder.bytes                                 | Total                     | 566
decoder.ipv6                                  | Total                     | 7
decoder.ethernet                              | Total                     | 7
decoder.icmpv6                                | Total                     | 7
decoder.avg_pkt_size                          | Total                     | 80
decoder.max_pkt_size                          | Total                     | 90
flow.total                                    | Total                     | 4
flow.active                                   | Total                     | 4
flow.icmpv6                                   | Total                     | 4
flow.wrk.spare_sync_avg                       | Total                     | 100
flow.wrk.spare_sync                           | Total                     | 2
decoder.event.ipv6.zero_len_padn              | Total                     | 3
flow.mgr.full_hash_pass                       | Total                     | 2
flow.mgr.rows_per_sec                         | Total                     | 6553
flow.spare                                    | Total                     | 9800
flow.mgr.rows_maxlen                          | Total                     | 1
flow.mgr.flows_checked                        | Total                     | 4
flow.mgr.flows_notimeout                      | Total                     | 4
memcap_pressure                               | Total                     | 7
memcap_pressure_max                           | Total                     | 7
tcp.memuse                                    | Total                     | 2424832
tcp.reassembly_memuse                         | Total                     | 458752
flow.memuse                                   | Total                     | 9411456
------------------------------------------------------------------------------------
Date: 9/6/2025 -- 11:00:30 (uptime: 0d, 00h 00m 32s)
------------------------------------------------------------------------------------
Counter                                       | TM Name                   | Value
------------------------------------------------------------------------------------
capture.kernel_packets                        | Total                     | 8
capture.afpacket.busy_loop_avg                | Total                     | 1
capture.afpacket.polls                        | Total                     | 1827
capture.afpacket.poll_timeout                 | Total                     | 1177
capture.afpacket.poll_data                    | Total                     | 650
decoder.pkts                                  | Total                     | 8
decoder.bytes                                 | Total                     | 636
decoder.ipv6                                  | Total                     | 8
decoder.ethernet                              | Total                     | 8
decoder.icmpv6                                | Total                     | 8
decoder.avg_pkt_size                          | Total                     | 79
decoder.max_pkt_size                          | Total                     | 90
flow.total                                    | Total                     | 4
flow.active                                   | Total                     | 4
flow.icmpv6                                   | Total                     | 4
flow.wrk.spare_sync_avg                       | Total                     | 100
flow.wrk.spare_sync                           | Total                     | 2
decoder.event.ipv6.zero_len_padn              | Total                     | 3
flow.mgr.full_hash_pass                       | Total                     | 3
flow.mgr.rows_per_sec                         | Total                     | 6553
flow.spare                                    | Total                     | 9800
flow.mgr.rows_maxlen                          | Total                     | 1
flow.mgr.flows_checked                        | Total                     | 4
flow.mgr.flows_notimeout                      | Total                     | 4
memcap_pressure                               | Total                     | 7
memcap_pressure_max                           | Total                     | 7
tcp.memuse                                    | Total                     | 2424832
tcp.reassembly_memuse                         | Total                     | 458752
flow.memuse                                   | Total                     | 9411456
------------------------------------------------------------------------------------
Date: 9/6/2025 -- 11:00:38 (uptime: 0d, 00h 00m 40s)
------------------------------------------------------------------------------------
Counter                                       | TM Name                   | Value
------------------------------------------------------------------------------------
capture.kernel_packets                        | Total                     | 8
capture.afpacket.busy_loop_avg                | Total                     | 1
capture.afpacket.polls                        | Total                     | 2183
capture.afpacket.poll_timeout                 | Total                     | 1533
capture.afpacket.poll_data                    | Total                     | 650
decoder.pkts                                  | Total                     | 8
decoder.bytes                                 | Total                     | 636
decoder.ipv6                                  | Total                     | 8
decoder.ethernet                              | Total                     | 8
decoder.icmpv6                                | Total                     | 8
decoder.avg_pkt_size                          | Total                     | 79
decoder.max_pkt_size                          | Total                     | 90
flow.total                                    | Total                     | 4
flow.active                                   | Total                     | 2
flow.icmpv6                                   | Total                     | 4
flow.wrk.spare_sync_avg                       | Total                     | 100
flow.wrk.spare_sync                           | Total                     | 2
decoder.event.ipv6.zero_len_padn              | Total                     | 3
flow.end.state.new                            | Total                     | 2
flow.mgr.full_hash_pass                       | Total                     | 3
flow.mgr.rows_per_sec                         | Total                     | 6553
flow.spare                                    | Total                     | 9802
flow.mgr.rows_maxlen                          | Total                     | 1
flow.mgr.flows_checked                        | Total                     | 7
flow.mgr.flows_notimeout                      | Total                     | 5
flow.mgr.flows_timeout                        | Total                     | 2
flow.mgr.flows_evicted                        | Total                     | 2
memcap_pressure                               | Total                     | 7
memcap_pressure_max                           | Total                     | 7
flow.recycler.recycled                        | Total                     | 2
flow.recycler.queue_max                       | Total                     | 1
tcp.memuse                                    | Total                     | 2424832
tcp.reassembly_memuse                         | Total                     | 458752
flow.memuse                                   | Total                     | 9411456
------------------------------------------------------------------------------------
Date: 9/6/2025 -- 11:00:46 (uptime: 0d, 00h 00m 48s)
------------------------------------------------------------------------------------
Counter                                       | TM Name                   | Value
------------------------------------------------------------------------------------
capture.kernel_packets                        | Total                     | 8
capture.afpacket.busy_loop_avg                | Total                     | 1
capture.afpacket.polls                        | Total                     | 2419
capture.afpacket.poll_timeout                 | Total                     | 1769
capture.afpacket.poll_data                    | Total                     | 650
decoder.pkts                                  | Total                     | 8
decoder.bytes                                 | Total                     | 636
decoder.ipv6                                  | Total                     | 8
decoder.ethernet                              | Total                     | 8
decoder.icmpv6                                | Total                     | 8
decoder.avg_pkt_size                          | Total                     | 79
decoder.max_pkt_size                          | Total                     | 90
flow.total                                    | Total                     | 4
flow.active                                   | Total                     | 1
flow.icmpv6                                   | Total                     | 4
flow.wrk.spare_sync_avg                       | Total                     | 100
flow.wrk.spare_sync                           | Total                     | 2
decoder.event.ipv6.zero_len_padn              | Total                     | 3
flow.end.state.new                            | Total                     | 3
flow.mgr.full_hash_pass                       | Total                     | 4
flow.mgr.rows_per_sec                         | Total                     | 6553
flow.spare                                    | Total                     | 9803
flow.mgr.rows_maxlen                          | Total                     | 1
flow.mgr.flows_checked                        | Total                     | 8
flow.mgr.flows_notimeout                      | Total                     | 5
flow.mgr.flows_timeout                        | Total                     | 3
flow.mgr.flows_evicted                        | Total                     | 3
memcap_pressure                               | Total                     | 7
memcap_pressure_max                           | Total                     | 7
flow.recycler.recycled                        | Total                     | 3
flow.recycler.queue_max                       | Total                     | 1
tcp.memuse                                    | Total                     | 2424832
tcp.reassembly_memuse                         | Total                     | 458752
flow.memuse                                   | Total                     | 9411456
------------------------------------------------------------------------------------
Date: 9/6/2025 -- 11:00:54 (uptime: 0d, 00h 00m 56s)
------------------------------------------------------------------------------------
Counter                                       | TM Name                   | Value
------------------------------------------------------------------------------------
capture.kernel_packets                        | Total                     | 8
capture.afpacket.busy_loop_avg                | Total                     | 1
capture.afpacket.polls                        | Total                     | 2775
capture.afpacket.poll_timeout                 | Total                     | 2125
capture.afpacket.poll_data                    | Total                     | 650
decoder.pkts                                  | Total                     | 8
decoder.bytes                                 | Total                     | 636
decoder.ipv6                                  | Total                     | 8
decoder.ethernet                              | Total                     | 8
decoder.icmpv6                                | Total                     | 8
decoder.avg_pkt_size                          | Total                     | 79
decoder.max_pkt_size                          | Total                     | 90
flow.total                                    | Total                     | 4
flow.active                                   | Total                     | 1
flow.icmpv6                                   | Total                     | 4
flow.wrk.spare_sync_avg                       | Total                     | 100
flow.wrk.spare_sync                           | Total                     | 2
decoder.event.ipv6.zero_len_padn              | Total                     | 3
flow.end.state.new                            | Total                     | 3
flow.mgr.full_hash_pass                       | Total                     | 5
flow.mgr.rows_per_sec                         | Total                     | 6553
flow.spare                                    | Total                     | 9803
flow.mgr.rows_maxlen                          | Total                     | 1
flow.mgr.flows_checked                        | Total                     | 8
flow.mgr.flows_notimeout                      | Total                     | 5
flow.mgr.flows_timeout                        | Total                     | 3
flow.mgr.flows_evicted                        | Total                     | 3
memcap_pressure                               | Total                     | 7
memcap_pressure_max                           | Total                     | 7
flow.recycler.recycled                        | Total                     | 3
flow.recycler.queue_max                       | Total                     | 1
tcp.memuse                                    | Total                     | 2424832
tcp.reassembly_memuse                         | Total                     | 458752
flow.memuse                                   | Total                     | 9411456
------------------------------------------------------------------------------------
Date: 9/6/2025 -- 11:01:02 (uptime: 0d, 00h 01m 04s)
------------------------------------------------------------------------------------
Counter                                       | TM Name                   | Value
------------------------------------------------------------------------------------
capture.kernel_packets                        | Total                     | 9
capture.afpacket.busy_loop_avg                | Total                     | 1
capture.afpacket.polls                        | Total                     | 3225
capture.afpacket.poll_timeout                 | Total                     | 2481
capture.afpacket.poll_data                    | Total                     | 744
decoder.pkts                                  | Total                     | 9
decoder.bytes                                 | Total                     | 706
decoder.ipv6                                  | Total                     | 9
decoder.ethernet                              | Total                     | 9
decoder.icmpv6                                | Total                     | 9
decoder.avg_pkt_size                          | Total                     | 78
decoder.max_pkt_size                          | Total                     | 90
flow.total                                    | Total                     | 4
flow.active                                   | Total                     | 1
flow.icmpv6                                   | Total                     | 4
flow.wrk.spare_sync_avg                       | Total                     | 100
flow.wrk.spare_sync                           | Total                     | 2
decoder.event.ipv6.zero_len_padn              | Total                     | 3
flow.end.state.new                            | Total                     | 3
flow.mgr.full_hash_pass                       | Total                     | 6
flow.mgr.rows_per_sec                         | Total                     | 6553
flow.spare                                    | Total                     | 9803
flow.mgr.rows_maxlen                          | Total                     | 1
flow.mgr.flows_checked                        | Total                     | 8
flow.mgr.flows_notimeout                      | Total                     | 5
flow.mgr.flows_timeout                        | Total                     | 3
flow.mgr.flows_evicted                        | Total                     | 3
memcap_pressure                               | Total                     | 7
memcap_pressure_max                           | Total                     | 7
flow.recycler.recycled                        | Total                     | 3
flow.recycler.queue_max                       | Total                     | 1
tcp.memuse                                    | Total                     | 2424832
tcp.reassembly_memuse                         | Total                     | 458752
flow.memuse                                   | Total                     | 9411456
------------------------------------------------------------------------------------
Date: 9/6/2025 -- 11:01:10 (uptime: 0d, 00h 01m 12s)
------------------------------------------------------------------------------------
Counter                                       | TM Name                   | Value
------------------------------------------------------------------------------------
capture.kernel_packets                        | Total                     | 9
capture.afpacket.busy_loop_avg                | Total                     | 1
capture.afpacket.polls                        | Total                     | 3461
capture.afpacket.poll_timeout                 | Total                     | 2717
capture.afpacket.poll_data                    | Total                     | 744
decoder.pkts                                  | Total                     | 9
decoder.bytes                                 | Total                     | 706
decoder.ipv6                                  | Total                     | 9
decoder.ethernet                              | Total                     | 9
decoder.icmpv6                                | Total                     | 9
decoder.avg_pkt_size                          | Total                     | 78
decoder.max_pkt_size                          | Total                     | 90
flow.total                                    | Total                     | 4
flow.active                                   | Total                     | 1
flow.icmpv6                                   | Total                     | 4
flow.wrk.spare_sync_avg                       | Total                     | 100
flow.wrk.spare_sync                           | Total                     | 2
decoder.event.ipv6.zero_len_padn              | Total                     | 3
flow.end.state.new                            | Total                     | 3
flow.mgr.full_hash_pass                       | Total                     | 6
flow.mgr.rows_per_sec                         | Total                     | 6553
flow.spare                                    | Total                     | 9803
flow.mgr.rows_maxlen                          | Total                     | 1
flow.mgr.flows_checked                        | Total                     | 9
flow.mgr.flows_notimeout                      | Total                     | 6
flow.mgr.flows_timeout                        | Total                     | 3
flow.mgr.flows_evicted                        | Total                     | 3
memcap_pressure                               | Total                     | 7
memcap_pressure_max                           | Total                     | 7
flow.recycler.recycled                        | Total                     | 3
flow.recycler.queue_max                       | Total                     | 1
tcp.memuse                                    | Total                     | 2424832
tcp.reassembly_memuse                         | Total                     | 458752
flow.memuse                                   | Total                     | 9411456
------------------------------------------------------------------------------------
Date: 9/6/2025 -- 11:01:18 (uptime: 0d, 00h 01m 20s)
------------------------------------------------------------------------------------
Counter                                       | TM Name                   | Value
------------------------------------------------------------------------------------
capture.kernel_packets                        | Total                     | 9
capture.afpacket.busy_loop_avg                | Total                     | 1
capture.afpacket.polls                        | Total                     | 3816
capture.afpacket.poll_timeout                 | Total                     | 3072
capture.afpacket.poll_data                    | Total                     | 744
decoder.pkts                                  | Total                     | 9
decoder.bytes                                 | Total                     | 706
decoder.ipv6                                  | Total                     | 9
decoder.ethernet                              | Total                     | 9
decoder.icmpv6                                | Total                     | 9
decoder.avg_pkt_size                          | Total                     | 78
decoder.max_pkt_size                          | Total                     | 90
flow.total                                    | Total                     | 4
flow.active                                   | Total                     | 1
flow.icmpv6                                   | Total                     | 4
flow.wrk.spare_sync_avg                       | Total                     | 100
flow.wrk.spare_sync                           | Total                     | 2
decoder.event.ipv6.zero_len_padn              | Total                     | 3
flow.end.state.new                            | Total                     | 3
flow.mgr.full_hash_pass                       | Total                     | 7
flow.mgr.rows_per_sec                         | Total                     | 6553
flow.spare                                    | Total                     | 9803
flow.mgr.rows_maxlen                          | Total                     | 1
flow.mgr.flows_checked                        | Total                     | 9
flow.mgr.flows_notimeout                      | Total                     | 6
flow.mgr.flows_timeout                        | Total                     | 3
flow.mgr.flows_evicted                        | Total                     | 3
memcap_pressure                               | Total                     | 7
memcap_pressure_max                           | Total                     | 7
flow.recycler.recycled                        | Total                     | 3
flow.recycler.queue_max                       | Total                     | 1
tcp.memuse                                    | Total                     | 2424832
tcp.reassembly_memuse                         | Total                     | 458752
flow.memuse                                   | Total                     | 9411456
------------------------------------------------------------------------------------
Date: 9/6/2025 -- 11:01:26 (uptime: 0d, 00h 01m 28s)
------------------------------------------------------------------------------------
Counter                                       | TM Name                   | Value
------------------------------------------------------------------------------------
capture.kernel_packets                        | Total                     | 9
capture.afpacket.busy_loop_avg                | Total                     | 1
capture.afpacket.polls                        | Total                     | 4172
capture.afpacket.poll_timeout                 | Total                     | 3428
capture.afpacket.poll_data                    | Total                     | 744
decoder.pkts                                  | Total                     | 9
decoder.bytes                                 | Total                     | 706
decoder.ipv6                                  | Total                     | 9
decoder.ethernet                              | Total                     | 9
decoder.icmpv6                                | Total                     | 9
decoder.avg_pkt_size                          | Total                     | 78
decoder.max_pkt_size                          | Total                     | 90
flow.total                                    | Total                     | 4
flow.active                                   | Total                     | 1
flow.icmpv6                                   | Total                     | 4
flow.wrk.spare_sync_avg                       | Total                     | 100
flow.wrk.spare_sync                           | Total                     | 2
decoder.event.ipv6.zero_len_padn              | Total                     | 3
flow.end.state.new                            | Total                     | 3
flow.mgr.full_hash_pass                       | Total                     | 8
flow.mgr.rows_per_sec                         | Total                     | 6553
flow.spare                                    | Total                     | 9803
flow.mgr.rows_maxlen                          | Total                     | 1
flow.mgr.flows_checked                        | Total                     | 9
flow.mgr.flows_notimeout                      | Total                     | 6
flow.mgr.flows_timeout                        | Total                     | 3
flow.mgr.flows_evicted                        | Total                     | 3
memcap_pressure                               | Total                     | 7
memcap_pressure_max                           | Total                     | 7
flow.recycler.recycled                        | Total                     | 3
flow.recycler.queue_max                       | Total                     | 1
tcp.memuse                                    | Total                     | 2424832
tcp.reassembly_memuse                         | Total                     | 458752
flow.memuse                                   | Total                     | 9411456
------------------------------------------------------------------------------------
Date: 9/6/2025 -- 11:01:34 (uptime: 0d, 00h 01m 36s)
------------------------------------------------------------------------------------
Counter                                       | TM Name                   | Value
------------------------------------------------------------------------------------
capture.kernel_packets                        | Total                     | 11
capture.afpacket.busy_loop_avg                | Total                     | 1
capture.afpacket.polls                        | Total                     | 4524
capture.afpacket.poll_timeout                 | Total                     | 3663
capture.afpacket.poll_data                    | Total                     | 861
decoder.pkts                                  | Total                     | 11
decoder.bytes                                 | Total                     | 854
decoder.ipv4                                  | Total                     | 2
decoder.ipv6                                  | Total                     | 9
decoder.ethernet                              | Total                     | 11
decoder.tcp                                   | Total                     | 2
tcp.syn                                       | Total                     | 2
decoder.icmpv6                                | Total                     | 9
decoder.avg_pkt_size                          | Total                     | 77
decoder.max_pkt_size                          | Total                     | 90
tcp.active_sessions                           | Total                     | 2
flow.total                                    | Total                     | 6
flow.active                                   | Total                     | 3
flow.tcp                                      | Total                     | 2
flow.icmpv6                                   | Total                     | 4
flow.wrk.spare_sync_avg                       | Total                     | 100
flow.wrk.spare_sync                           | Total                     | 2
decoder.event.ipv6.zero_len_padn              | Total                     | 3
tcp.sessions                                  | Total                     | 2
tcp.ssn_from_pool                             | Total                     | 2
detect.alerts_suppressed                      | Total                     | 4
flow.end.state.new                            | Total                     | 3
flow.mgr.full_hash_pass                       | Total                     | 9
flow.mgr.rows_per_sec                         | Total                     | 6553
flow.spare                                    | Total                     | 9803
flow.mgr.rows_maxlen                          | Total                     | 1
flow.mgr.flows_checked                        | Total                     | 10
flow.mgr.flows_notimeout                      | Total                     | 7
flow.mgr.flows_timeout                        | Total                     | 3
flow.mgr.flows_evicted                        | Total                     | 3
memcap_pressure                               | Total                     | 7
memcap_pressure_max                           | Total                     | 7
flow.recycler.recycled                        | Total                     | 3
flow.recycler.queue_max                       | Total                     | 1
tcp.memuse                                    | Total                     | 2424832
tcp.reassembly_memuse                         | Total                     | 458752
flow.memuse                                   | Total                     | 9411456
------------------------------------------------------------------------------------
Date: 9/6/2025 -- 11:01:42 (uptime: 0d, 00h 01m 44s)
------------------------------------------------------------------------------------
Counter                                       | TM Name                   | Value
------------------------------------------------------------------------------------
capture.kernel_packets                        | Total                     | 11
capture.afpacket.busy_loop_avg                | Total                     | 1
capture.afpacket.polls                        | Total                     | 4878
capture.afpacket.poll_timeout                 | Total                     | 4017
capture.afpacket.poll_data                    | Total                     | 861
decoder.pkts                                  | Total                     | 11
decoder.bytes                                 | Total                     | 854
decoder.ipv4                                  | Total                     | 2
decoder.ipv6                                  | Total                     | 9
decoder.ethernet                              | Total                     | 11
decoder.tcp                                   | Total                     | 2
tcp.syn                                       | Total                     | 2
decoder.icmpv6                                | Total                     | 9
decoder.avg_pkt_size                          | Total                     | 77
decoder.max_pkt_size                          | Total                     | 90
tcp.active_sessions                           | Total                     | 2
flow.total                                    | Total                     | 6
flow.active                                   | Total                     | 2
flow.tcp                                      | Total                     | 2
flow.icmpv6                                   | Total                     | 4
flow.wrk.spare_sync_avg                       | Total                     | 100
flow.wrk.spare_sync                           | Total                     | 2
decoder.event.ipv6.zero_len_padn              | Total                     | 3
tcp.sessions                                  | Total                     | 2
tcp.ssn_from_pool                             | Total                     | 2
detect.alerts_suppressed                      | Total                     | 4
flow.end.state.new                            | Total                     | 4
flow.mgr.full_hash_pass                       | Total                     | 10
flow.mgr.rows_per_sec                         | Total                     | 6553
flow.spare                                    | Total                     | 9804
flow.mgr.rows_maxlen                          | Total                     | 1
flow.mgr.flows_checked                        | Total                     | 12
flow.mgr.flows_notimeout                      | Total                     | 8
flow.mgr.flows_timeout                        | Total                     | 4
flow.mgr.flows_evicted                        | Total                     | 4
memcap_pressure                               | Total                     | 7
memcap_pressure_max                           | Total                     | 7
flow.recycler.recycled                        | Total                     | 4
flow.recycler.queue_max                       | Total                     | 1
tcp.memuse                                    | Total                     | 2424832
tcp.reassembly_memuse                         | Total                     | 458752
flow.memuse                                   | Total                     | 9411456
