[1 - Suricata-Main] 2025-09-06 10:20:53 Notice: suricata: This is Suricata version 7.0.2 RELEASE running in SYSTEM mode
[1 - Suricata-Main] 2025-09-06 10:20:53 Info: cpu: CPUs/cores online: 4
[1 - Suricata-Main] 2025-09-06 10:20:53 Info: suricata: Setting engine mode to IDS mode by default
[1 - Suricata-Main] 2025-09-06 10:20:53 Info: app-layer-htp-mem: HTTP memcap: 67108864
[1 - Suricata-Main] 2025-09-06 10:20:53 Info: ioctl: eth0: MTU 1500
[1 - Suricata-Main] 2025-09-06 10:20:53 Notice: tmqh-flow: using flow hash instead of active packets
[1 - Suricata-Main] 2025-09-06 10:20:53 Info: suricata: No 'host-mode': suricata is in IDS mode, using default setting 'sniffer-only'
[1 - Suricata-Main] 2025-09-06 10:20:53 Info: logopenfile: eve-log output device (regular) initialized: /var/log/suricata/eve.json
[1 - Suricata-Main] 2025-09-06 10:20:53 Info: logopenfile: fast output device (regular) initialized: /var/log/suricata/fast.log
[1 - Suricata-Main] 2025-09-06 10:20:53 Info: logopenfile: stats output device (regular) initialized: /var/log/suricata/stats.log
[1 - Suricata-Main] 2025-09-06 10:20:53 Warning: detect: No rule files match the pattern /etc/suricata/rules/suricata.rules
[1 - Suricata-Main] 2025-09-06 10:32:14 Notice: suricata: This is Suricata version 7.0.2 RELEASE running in SYSTEM mode
[1 - Suricata-Main] 2025-09-06 10:32:14 Info: cpu: CPUs/cores online: 4
[1 - Suricata-Main] 2025-09-06 10:32:14 Info: suricata: Setting engine mode to IDS mode by default
[1 - Suricata-Main] 2025-09-06 10:32:14 Info: app-layer-htp-mem: HTTP memcap: 67108864
[1 - Suricata-Main] 2025-09-06 10:32:14 Info: ioctl: eth0: MTU 1500
[1 - Suricata-Main] 2025-09-06 10:32:14 Notice: tmqh-flow: using flow hash instead of active packets
[1 - Suricata-Main] 2025-09-06 10:32:14 Info: suricata: No 'host-mode': suricata is in IDS mode, using default setting 'sniffer-only'
[1 - Suricata-Main] 2025-09-06 10:32:14 Info: logopenfile: eve-log output device (regular) initialized: /var/log/suricata/eve.json
[1 - Suricata-Main] 2025-09-06 10:32:14 Info: logopenfile: fast output device (regular) initialized: /var/log/suricata/fast.log
[1 - Suricata-Main] 2025-09-06 10:32:14 Info: logopenfile: stats output device (regular) initialized: /var/log/suricata/stats.log
[1 - Suricata-Main] 2025-09-06 10:32:14 Warning: detect: No rule files match the pattern /etc/suricata/rules/suricata.rules
[1 - Suricata-Main] 2025-09-06 10:54:14 Notice: suricata: This is Suricata version 7.0.2 RELEASE running in SYSTEM mode
[1 - Suricata-Main] 2025-09-06 10:54:14 Info: cpu: CPUs/cores online: 4
[1 - Suricata-Main] 2025-09-06 10:54:14 Info: suricata: Setting engine mode to IDS mode by default
[1 - Suricata-Main] 2025-09-06 10:54:14 Info: app-layer-htp-mem: HTTP memcap: 67108864
[1 - Suricata-Main] 2025-09-06 10:54:14 Info: ioctl: eth0: MTU 1500
[1 - Suricata-Main] 2025-09-06 10:54:14 Notice: tmqh-flow: using flow hash instead of active packets
[1 - Suricata-Main] 2025-09-06 10:54:14 Info: suricata: No 'host-mode': suricata is in IDS mode, using default setting 'sniffer-only'
[1 - Suricata-Main] 2025-09-06 10:54:14 Info: logopenfile: eve-log output device (regular) initialized: /var/log/suricata/eve.json
[1 - Suricata-Main] 2025-09-06 10:54:14 Info: logopenfile: fast output device (regular) initialized: /var/log/suricata/fast.log
[1 - Suricata-Main] 2025-09-06 10:54:14 Info: logopenfile: stats output device (regular) initialized: /var/log/suricata/stats.log
[1 - Suricata-Main] 2025-09-06 10:54:14 Error: detect-parse: rule 1000005 setup buffer dns_query but didn't add matches to it
[1 - Suricata-Main] 2025-09-06 10:54:14 Error: detect: error parsing signature "alert dns any any -> any any (msg:"Suspicious DNS Query Length"; dns.query; dsize:>100; classtype:policy-violation; sid:1000005; rev:1;)" from file /etc/suricata/rules/suricata.rules at line 11
[1 - Suricata-Main] 2025-09-06 10:54:14 Error: detect-parse: unknown rule keyword 'dns.rcode'.
[1 - Suricata-Main] 2025-09-06 10:54:14 Error: detect: error parsing signature "alert dns any any -> any any (msg:"ET POLICY Suspicious DNS Response"; dns.opcode:0; dns.rcode:3; threshold: type both, track by_src, count 10, seconds 60; classtype:policy-violation; sid:2000008; rev:1;)" from file /etc/suricata/rules/emerging-threats.rules at line 18
[1 - Suricata-Main] 2025-09-06 10:54:14 Error: rule-vars: Variable "HOME_NET" is not defined in configuration file
[1 - Suricata-Main] 2025-09-06 10:54:14 Error: detect: error parsing signature "alert icmp any any -> $HOME_NET any (msg:"ICMP Ping Sweep Detected"; itype:8; threshold:type both, track by_src, count 10, seconds 60; classtype:network-scan; sid:1000001; rev:1;)" from file /etc/suricata/rules/custom-ml.rules at line 5
[1 - Suricata-Main] 2025-09-06 10:54:14 Error: rule-vars: Variable "HOME_NET" is not defined in configuration file
[1 - Suricata-Main] 2025-09-06 10:54:14 Error: detect: error parsing signature "alert tcp any any -> $HOME_NET any (msg:"TCP Port Scan Detected"; flags:S; threshold:type both, track by_src, count 20, seconds 60; classtype:network-scan; sid:1000002; rev:1;)" from file /etc/suricata/rules/custom-ml.rules at line 6
[1 - Suricata-Main] 2025-09-06 10:54:14 Error: rule-vars: Variable "HOME_NET" is not defined in configuration file
[1 - Suricata-Main] 2025-09-06 10:54:14 Error: detect: error parsing signature "alert udp any any -> $HOME_NET any (msg:"UDP Port Scan Detected"; threshold:type both, track by_src, count 20, seconds 60; classtype:network-scan; sid:1000003; rev:1;)" from file /etc/suricata/rules/custom-ml.rules at line 7
[1 - Suricata-Main] 2025-09-06 10:54:14 Error: rule-vars: Variable "HOME_NET" is not defined in configuration file
[1 - Suricata-Main] 2025-09-06 10:54:14 Error: detect: error parsing signature "alert tcp any any -> $HOME_NET 22 (msg:"SSH Brute Force Attempt"; flow:to_server,established; content:"SSH"; offset:0; depth:3; threshold:type both, track by_src, count 5, seconds 300; classtype:attempted-admin; sid:1000004; rev:1;)" from file /etc/suricata/rules/custom-ml.rules at line 10
[1 - Suricata-Main] 2025-09-06 10:54:14 Error: rule-vars: Variable "HOME_NET" is not defined in configuration file
[1 - Suricata-Main] 2025-09-06 10:54:14 Error: detect: error parsing signature "alert tcp any any -> $HOME_NET 21 (msg:"FTP Brute Force Attempt"; flow:to_server,established; content:"USER"; threshold:type both, track by_src, count 10, seconds 300; classtype:attempted-admin; sid:1000005; rev:1;)" from file /etc/suricata/rules/custom-ml.rules at line 11
[1 - Suricata-Main] 2025-09-06 10:54:14 Error: rule-vars: Variable "HOME_NET" is not defined in configuration file
[1 - Suricata-Main] 2025-09-06 10:54:14 Error: detect: error parsing signature "alert tcp any any -> $HOME_NET [80,443] (msg:"HTTP Auth Brute Force"; flow:to_server,established; content:"Authorization:"; http_header; threshold:type both, track by_src, count 10, seconds 300; classtype:web-application-attack; sid:1000006; rev:1;)" from file /etc/suricata/rules/custom-ml.rules at line 12
[1 - Suricata-Main] 2025-09-06 10:54:14 Error: rule-vars: Variable "HOME_NET" is not defined in configuration file
[1 - Suricata-Main] 2025-09-06 10:54:14 Error: detect: error parsing signature "alert tcp any any -> $HOME_NET [80,443] (msg:"SQL Injection Attempt"; flow:to_server,established; content:"SELECT"; http_uri; nocase; pcre:"/select.+from/i"; classtype:web-application-attack; sid:1000007; rev:1;)" from file /etc/suricata/rules/custom-ml.rules at line 15
[1 - Suricata-Main] 2025-09-06 10:54:14 Error: rule-vars: Variable "HOME_NET" is not defined in configuration file
[1 - Suricata-Main] 2025-09-06 10:54:14 Error: detect: error parsing signature "alert tcp any any -> $HOME_NET [80,443] (msg:"XSS Attempt Detected"; flow:to_server,established; content:"<script"; http_uri; nocase; classtype:web-application-attack; sid:1000008; rev:1;)" from file /etc/suricata/rules/custom-ml.rules at line 16
[1 - Suricata-Main] 2025-09-06 10:54:14 Error: rule-vars: Variable "HOME_NET" is not defined in configuration file
[1 - Suricata-Main] 2025-09-06 10:54:14 Error: detect: error parsing signature "alert tcp any any -> $HOME_NET [80,443] (msg:"Directory Traversal Attempt"; flow:to_server,established; content:"../"; http_uri; classtype:web-application-attack; sid:1000009; rev:1;)" from file /etc/suricata/rules/custom-ml.rules at line 17
[1 - Suricata-Main] 2025-09-06 10:54:14 Error: rule-vars: Variable "HOME_NET" is not defined in configuration file
[1 - Suricata-Main] 2025-09-06 10:54:14 Error: detect: error parsing signature "alert tcp any any -> $HOME_NET [80,443] (msg:"Command Injection Attempt"; flow:to_server,established; pcre:"/(\||;|&|`|\$\()/"; http_uri; classtype:web-application-attack; sid:1000010; rev:1;)" from file /etc/suricata/rules/custom-ml.rules at line 20
[1 - Suricata-Main] 2025-09-06 10:54:14 Error: rule-vars: Variable "HOME_NET" is not defined in configuration file
[1 - Suricata-Main] 2025-09-06 10:54:14 Error: detect: error parsing signature "alert tcp $HOME_NET any -> any any (msg:"Suspicious Outbound Connection"; flow:to_server,established; threshold:type both, track by_src, count 100, seconds 60; classtype:trojan-activity; sid:1000011; rev:1;)" from file /etc/suricata/rules/custom-ml.rules at line 23
[1 - Suricata-Main] 2025-09-06 10:54:14 Error: rule-vars: Variable "HOME_NET" is not defined in configuration file
[1 - Suricata-Main] 2025-09-06 10:54:14 Error: detect: error parsing signature "alert tcp $HOME_NET any -> any [80,443] (msg:"Large Data Upload"; flow:to_server,established; dsize:>10000; threshold:type both, track by_src, count 5, seconds 60; classtype:policy-violation; sid:1000013; rev:1;)" from file /etc/suricata/rules/custom-ml.rules at line 27
[1 - Suricata-Main] 2025-09-06 10:54:14 Error: rule-vars: Variable "HOME_NET" is not defined in configuration file
[1 - Suricata-Main] 2025-09-06 10:54:14 Error: detect: error parsing signature "alert tcp $HOME_NET any -> any 21 (msg:"FTP Data Exfiltration"; flow:to_server,established; dsize:>5000; classtype:policy-violation; sid:1000014; rev:1;)" from file /etc/suricata/rules/custom-ml.rules at line 28
[1 - Suricata-Main] 2025-09-06 10:54:14 Error: rule-vars: Variable "HOME_NET" is not defined in configuration file
[1 - Suricata-Main] 2025-09-06 10:54:14 Error: detect: error parsing signature "alert tcp any any -> $HOME_NET any (msg:"TCP SYN Flood"; flags:S; threshold:type both, track by_src, count 100, seconds 10; classtype:denial-of-service; sid:1000015; rev:1;)" from file /etc/suricata/rules/custom-ml.rules at line 31
[1 - Suricata-Main] 2025-09-06 10:54:14 Error: rule-vars: Variable "HOME_NET" is not defined in configuration file
[1 - Suricata-Main] 2025-09-06 10:54:14 Error: detect: error parsing signature "alert ip any any -> $HOME_NET any (msg:"IP Fragment Attack"; fragbits:M+; classtype:bad-unknown; sid:1000016; rev:1;)" from file /etc/suricata/rules/custom-ml.rules at line 32
[1 - Suricata-Main] 2025-09-06 10:54:14 Error: rule-vars: Variable "HOME_NET" is not defined in configuration file
[1 - Suricata-Main] 2025-09-06 10:54:14 Error: detect: error parsing signature "alert tcp any any -> $HOME_NET any (msg:"ML Training - Synthetic Attack Pattern 1"; content:"ML_ATTACK_SIG_1"; classtype:trojan-activity; sid:1000020; rev:1;)" from file /etc/suricata/rules/custom-ml.rules at line 42
[1 - Suricata-Main] 2025-09-06 10:54:14 Error: rule-vars: Variable "HOME_NET" is not defined in configuration file
[1 - Suricata-Main] 2025-09-06 10:54:14 Error: detect: error parsing signature "alert tcp any any -> $HOME_NET any (msg:"ML Training - Synthetic Attack Pattern 2"; content:"ML_ATTACK_SIG_2"; classtype:trojan-activity; sid:1000021; rev:1;)" from file /etc/suricata/rules/custom-ml.rules at line 43
[1 - Suricata-Main] 2025-09-06 10:54:14 Error: rule-vars: Variable "HOME_NET" is not defined in configuration file
[1 - Suricata-Main] 2025-09-06 10:54:14 Error: detect: error parsing signature "alert tcp any any -> $HOME_NET any (msg:"ML Training - Synthetic Attack Pattern 3"; content:"ML_ATTACK_SIG_3"; classtype:trojan-activity; sid:1000022; rev:1;)" from file /etc/suricata/rules/custom-ml.rules at line 44
[1 - Suricata-Main] 2025-09-06 10:54:14 Info: detect: 3 rule files processed. 20 rules successfully loaded, 20 rules failed
[1 - Suricata-Main] 2025-09-06 10:54:14 Error: suricata: Loading signatures failed.
[1 - Suricata-Main] 2025-09-06 10:55:13 Notice: suricata: This is Suricata version 7.0.2 RELEASE running in SYSTEM mode
[1 - Suricata-Main] 2025-09-06 10:55:13 Info: cpu: CPUs/cores online: 4
[1 - Suricata-Main] 2025-09-06 10:55:13 Info: suricata: Setting engine mode to IDS mode by default
[1 - Suricata-Main] 2025-09-06 10:55:13 Info: app-layer-htp-mem: HTTP memcap: 67108864
[1 - Suricata-Main] 2025-09-06 10:55:13 Info: ioctl: eth0: MTU 1500
[1 - Suricata-Main] 2025-09-06 10:55:13 Notice: tmqh-flow: using flow hash instead of active packets
[1 - Suricata-Main] 2025-09-06 10:55:13 Info: suricata: No 'host-mode': suricata is in IDS mode, using default setting 'sniffer-only'
[1 - Suricata-Main] 2025-09-06 10:55:13 Info: logopenfile: eve-log output device (regular) initialized: /var/log/suricata/eve.json
[1 - Suricata-Main] 2025-09-06 10:55:13 Info: logopenfile: fast output device (regular) initialized: /var/log/suricata/fast.log
[1 - Suricata-Main] 2025-09-06 10:55:13 Info: logopenfile: stats output device (regular) initialized: /var/log/suricata/stats.log
[1 - Suricata-Main] 2025-09-06 10:55:13 Error: detect-parse: rule 1000005 setup buffer dns_query but didn't add matches to it
[1 - Suricata-Main] 2025-09-06 10:55:13 Error: detect: error parsing signature "alert dns any any -> any any (msg:"Suspicious DNS Query Length"; dns.query; dsize:>100; classtype:policy-violation; sid:1000005; rev:1;)" from file /etc/suricata/rules/suricata.rules at line 11
[1 - Suricata-Main] 2025-09-06 10:55:13 Error: detect-parse: unknown rule keyword 'dns.rcode'.
[1 - Suricata-Main] 2025-09-06 10:55:13 Error: detect: error parsing signature "alert dns any any -> any any (msg:"ET POLICY Suspicious DNS Response"; dns.opcode:0; dns.rcode:3; threshold: type both, track by_src, count 10, seconds 60; classtype:policy-violation; sid:2000008; rev:1;)" from file /etc/suricata/rules/emerging-threats.rules at line 18
[1 - Suricata-Main] 2025-09-06 10:55:13 Error: detect-parse: Duplicate signature "alert icmp any any -> $HOME_NET any (msg:"ICMP Ping Sweep Detected"; itype:8; threshold:type both, track by_src, count 10, seconds 60; classtype:network-scan; sid:1000001; rev:1;)"
[1 - Suricata-Main] 2025-09-06 10:55:13 Error: detect: error parsing signature "alert icmp any any -> $HOME_NET any (msg:"ICMP Ping Sweep Detected"; itype:8; threshold:type both, track by_src, count 10, seconds 60; classtype:network-scan; sid:1000001; rev:1;)" from file /etc/suricata/rules/custom-ml.rules at line 5
[1 - Suricata-Main] 2025-09-06 10:55:13 Error: detect-parse: Duplicate signature "alert tcp any any -> $HOME_NET any (msg:"TCP Port Scan Detected"; flags:S; threshold:type both, track by_src, count 20, seconds 60; classtype:network-scan; sid:1000002; rev:1;)"
[1 - Suricata-Main] 2025-09-06 10:55:13 Error: detect: error parsing signature "alert tcp any any -> $HOME_NET any (msg:"TCP Port Scan Detected"; flags:S; threshold:type both, track by_src, count 20, seconds 60; classtype:network-scan; sid:1000002; rev:1;)" from file /etc/suricata/rules/custom-ml.rules at line 6
[1 - Suricata-Main] 2025-09-06 10:55:13 Error: detect-parse: Duplicate signature "alert udp any any -> $HOME_NET any (msg:"UDP Port Scan Detected"; threshold:type both, track by_src, count 20, seconds 60; classtype:network-scan; sid:1000003; rev:1;)"
[1 - Suricata-Main] 2025-09-06 10:55:13 Error: detect: error parsing signature "alert udp any any -> $HOME_NET any (msg:"UDP Port Scan Detected"; threshold:type both, track by_src, count 20, seconds 60; classtype:network-scan; sid:1000003; rev:1;)" from file /etc/suricata/rules/custom-ml.rules at line 7
[1 - Suricata-Main] 2025-09-06 10:55:13 Error: detect-parse: Duplicate signature "alert tcp any any -> $HOME_NET 22 (msg:"SSH Brute Force Attempt"; flow:to_server,established; content:"SSH"; offset:0; depth:3; threshold:type both, track by_src, count 5, seconds 300; classtype:attempted-admin; sid:1000004; rev:1;)"
[1 - Suricata-Main] 2025-09-06 10:55:13 Error: detect: error parsing signature "alert tcp any any -> $HOME_NET 22 (msg:"SSH Brute Force Attempt"; flow:to_server,established; content:"SSH"; offset:0; depth:3; threshold:type both, track by_src, count 5, seconds 300; classtype:attempted-admin; sid:1000004; rev:1;)" from file /etc/suricata/rules/custom-ml.rules at line 10
[1 - Suricata-Main] 2025-09-06 10:55:13 Error: detect-parse: Duplicate signature "alert tcp any any -> $HOME_NET [80,443] (msg:"HTTP Auth Brute Force"; flow:to_server,established; content:"Authorization:"; http_header; threshold:type both, track by_src, count 10, seconds 300; classtype:web-application-attack; sid:1000006; rev:1;)"
[1 - Suricata-Main] 2025-09-06 10:55:13 Error: detect: error parsing signature "alert tcp any any -> $HOME_NET [80,443] (msg:"HTTP Auth Brute Force"; flow:to_server,established; content:"Authorization:"; http_header; threshold:type both, track by_src, count 10, seconds 300; classtype:web-application-attack; sid:1000006; rev:1;)" from file /etc/suricata/rules/custom-ml.rules at line 12
[1 - Suricata-Main] 2025-09-06 10:55:13 Error: detect-parse: Duplicate signature "alert tcp any any -> $HOME_NET [80,443] (msg:"SQL Injection Attempt"; flow:to_server,established; content:"SELECT"; http_uri; nocase; pcre:"/select.+from/i"; classtype:web-application-attack; sid:1000007; rev:1;)"
[1 - Suricata-Main] 2025-09-06 10:55:13 Error: detect: error parsing signature "alert tcp any any -> $HOME_NET [80,443] (msg:"SQL Injection Attempt"; flow:to_server,established; content:"SELECT"; http_uri; nocase; pcre:"/select.+from/i"; classtype:web-application-attack; sid:1000007; rev:1;)" from file /etc/suricata/rules/custom-ml.rules at line 15
[1 - Suricata-Main] 2025-09-06 10:55:13 Error: detect-parse: Duplicate signature "alert tcp any any -> $HOME_NET [80,443] (msg:"XSS Attempt Detected"; flow:to_server,established; content:"<script"; http_uri; nocase; classtype:web-application-attack; sid:1000008; rev:1;)"
[1 - Suricata-Main] 2025-09-06 10:55:13 Error: detect: error parsing signature "alert tcp any any -> $HOME_NET [80,443] (msg:"XSS Attempt Detected"; flow:to_server,established; content:"<script"; http_uri; nocase; classtype:web-application-attack; sid:1000008; rev:1;)" from file /etc/suricata/rules/custom-ml.rules at line 16
[1 - Suricata-Main] 2025-09-06 10:55:13 Error: detect-parse: Duplicate signature "alert tcp any any -> $HOME_NET [80,443] (msg:"Directory Traversal Attempt"; flow:to_server,established; content:"../"; http_uri; classtype:web-application-attack; sid:1000009; rev:1;)"
[1 - Suricata-Main] 2025-09-06 10:55:13 Error: detect: error parsing signature "alert tcp any any -> $HOME_NET [80,443] (msg:"Directory Traversal Attempt"; flow:to_server,established; content:"../"; http_uri; classtype:web-application-attack; sid:1000009; rev:1;)" from file /etc/suricata/rules/custom-ml.rules at line 17
[1 - Suricata-Main] 2025-09-06 10:55:13 Error: detect-parse: bad option value formatting (possible missing semicolon) for keyword pcre: '"/(\||'
[1 - Suricata-Main] 2025-09-06 10:55:13 Error: detect: error parsing signature "alert tcp any any -> $HOME_NET [80,443] (msg:"Command Injection Attempt"; flow:to_server,established; pcre:"/(\||;|&|`|\$\()/"; http_uri; classtype:web-application-attack; sid:1000010; rev:1;)" from file /etc/suricata/rules/custom-ml.rules at line 20
[1 - Suricata-Main] 2025-09-06 10:55:13 Info: detect: 3 rule files processed. 29 rules successfully loaded, 11 rules failed
[1 - Suricata-Main] 2025-09-06 10:55:13 Error: suricata: Loading signatures failed.
[1 - Suricata-Main] 2025-09-06 10:56:11 Notice: suricata: This is Suricata version 7.0.2 RELEASE running in SYSTEM mode
[1 - Suricata-Main] 2025-09-06 10:56:11 Info: cpu: CPUs/cores online: 4
[1 - Suricata-Main] 2025-09-06 10:56:11 Info: suricata: Setting engine mode to IDS mode by default
[1 - Suricata-Main] 2025-09-06 10:56:11 Info: app-layer-htp-mem: HTTP memcap: 67108864
[1 - Suricata-Main] 2025-09-06 10:56:11 Info: ioctl: eth0: MTU 1500
[1 - Suricata-Main] 2025-09-06 10:56:11 Notice: tmqh-flow: using flow hash instead of active packets
[1 - Suricata-Main] 2025-09-06 10:56:11 Info: suricata: No 'host-mode': suricata is in IDS mode, using default setting 'sniffer-only'
[1 - Suricata-Main] 2025-09-06 10:56:11 Info: logopenfile: eve-log output device (regular) initialized: /var/log/suricata/eve.json
[1 - Suricata-Main] 2025-09-06 10:56:11 Info: logopenfile: fast output device (regular) initialized: /var/log/suricata/fast.log
[1 - Suricata-Main] 2025-09-06 10:56:11 Info: logopenfile: stats output device (regular) initialized: /var/log/suricata/stats.log
[1 - Suricata-Main] 2025-09-06 10:56:11 Error: detect-parse: rule 1000005 setup buffer dns_query but didn't add matches to it
[1 - Suricata-Main] 2025-09-06 10:56:11 Error: detect: error parsing signature "alert dns any any -> any any (msg:"Suspicious DNS Query Length"; dns.query; dsize:>100; classtype:policy-violation; sid:1000005; rev:1;)" from file /etc/suricata/rules/suricata.rules at line 11
[1 - Suricata-Main] 2025-09-06 10:56:11 Error: detect-parse: unknown rule keyword 'dns.rcode'.
[1 - Suricata-Main] 2025-09-06 10:56:11 Error: detect: error parsing signature "alert dns any any -> any any (msg:"ET POLICY Suspicious DNS Response"; dns.opcode:0; dns.rcode:3; threshold: type both, track by_src, count 10, seconds 60; classtype:policy-violation; sid:2000008; rev:1;)" from file /etc/suricata/rules/emerging-threats.rules at line 18
[1 - Suricata-Main] 2025-09-06 10:56:11 Error: detect-parse: Duplicate signature "alert icmp any any -> $HOME_NET any (msg:"ICMP Ping Sweep Detected"; itype:8; threshold:type both, track by_src, count 10, seconds 60; classtype:network-scan; sid:1000001; rev:1;)"
[1 - Suricata-Main] 2025-09-06 10:56:11 Error: detect: error parsing signature "alert icmp any any -> $HOME_NET any (msg:"ICMP Ping Sweep Detected"; itype:8; threshold:type both, track by_src, count 10, seconds 60; classtype:network-scan; sid:1000001; rev:1;)" from file /etc/suricata/rules/custom-ml.rules at line 5
[1 - Suricata-Main] 2025-09-06 10:56:11 Error: detect-parse: Duplicate signature "alert tcp any any -> $HOME_NET any (msg:"TCP Port Scan Detected"; flags:S; threshold:type both, track by_src, count 20, seconds 60; classtype:network-scan; sid:1000002; rev:1;)"
[1 - Suricata-Main] 2025-09-06 10:56:11 Error: detect: error parsing signature "alert tcp any any -> $HOME_NET any (msg:"TCP Port Scan Detected"; flags:S; threshold:type both, track by_src, count 20, seconds 60; classtype:network-scan; sid:1000002; rev:1;)" from file /etc/suricata/rules/custom-ml.rules at line 6
[1 - Suricata-Main] 2025-09-06 10:56:11 Error: detect-parse: Duplicate signature "alert udp any any -> $HOME_NET any (msg:"UDP Port Scan Detected"; threshold:type both, track by_src, count 20, seconds 60; classtype:network-scan; sid:1000003; rev:1;)"
[1 - Suricata-Main] 2025-09-06 10:56:11 Error: detect: error parsing signature "alert udp any any -> $HOME_NET any (msg:"UDP Port Scan Detected"; threshold:type both, track by_src, count 20, seconds 60; classtype:network-scan; sid:1000003; rev:1;)" from file /etc/suricata/rules/custom-ml.rules at line 7
[1 - Suricata-Main] 2025-09-06 10:56:11 Error: detect-parse: Duplicate signature "alert tcp any any -> $HOME_NET 22 (msg:"SSH Brute Force Attempt"; flow:to_server,established; content:"SSH"; offset:0; depth:3; threshold:type both, track by_src, count 5, seconds 300; classtype:attempted-admin; sid:1000004; rev:1;)"
[1 - Suricata-Main] 2025-09-06 10:56:11 Error: detect: error parsing signature "alert tcp any any -> $HOME_NET 22 (msg:"SSH Brute Force Attempt"; flow:to_server,established; content:"SSH"; offset:0; depth:3; threshold:type both, track by_src, count 5, seconds 300; classtype:attempted-admin; sid:1000004; rev:1;)" from file /etc/suricata/rules/custom-ml.rules at line 10
[1 - Suricata-Main] 2025-09-06 10:56:11 Error: detect-parse: Duplicate signature "alert tcp any any -> $HOME_NET [80,443] (msg:"HTTP Auth Brute Force"; flow:to_server,established; content:"Authorization:"; http_header; threshold:type both, track by_src, count 10, seconds 300; classtype:web-application-attack; sid:1000006; rev:1;)"
[1 - Suricata-Main] 2025-09-06 10:56:11 Error: detect: error parsing signature "alert tcp any any -> $HOME_NET [80,443] (msg:"HTTP Auth Brute Force"; flow:to_server,established; content:"Authorization:"; http_header; threshold:type both, track by_src, count 10, seconds 300; classtype:web-application-attack; sid:1000006; rev:1;)" from file /etc/suricata/rules/custom-ml.rules at line 12
[1 - Suricata-Main] 2025-09-06 10:56:11 Error: detect-parse: Duplicate signature "alert tcp any any -> $HOME_NET [80,443] (msg:"SQL Injection Attempt"; flow:to_server,established; content:"SELECT"; http_uri; nocase; pcre:"/select.+from/i"; classtype:web-application-attack; sid:1000007; rev:1;)"
[1 - Suricata-Main] 2025-09-06 10:56:11 Error: detect: error parsing signature "alert tcp any any -> $HOME_NET [80,443] (msg:"SQL Injection Attempt"; flow:to_server,established; content:"SELECT"; http_uri; nocase; pcre:"/select.+from/i"; classtype:web-application-attack; sid:1000007; rev:1;)" from file /etc/suricata/rules/custom-ml.rules at line 15
[1 - Suricata-Main] 2025-09-06 10:56:11 Error: detect-parse: Duplicate signature "alert tcp any any -> $HOME_NET [80,443] (msg:"XSS Attempt Detected"; flow:to_server,established; content:"<script"; http_uri; nocase; classtype:web-application-attack; sid:1000008; rev:1;)"
[1 - Suricata-Main] 2025-09-06 10:56:11 Error: detect: error parsing signature "alert tcp any any -> $HOME_NET [80,443] (msg:"XSS Attempt Detected"; flow:to_server,established; content:"<script"; http_uri; nocase; classtype:web-application-attack; sid:1000008; rev:1;)" from file /etc/suricata/rules/custom-ml.rules at line 16
[1 - Suricata-Main] 2025-09-06 10:56:11 Error: detect-parse: Duplicate signature "alert tcp any any -> $HOME_NET [80,443] (msg:"Directory Traversal Attempt"; flow:to_server,established; content:"../"; http_uri; classtype:web-application-attack; sid:1000009; rev:1;)"
[1 - Suricata-Main] 2025-09-06 10:56:11 Error: detect: error parsing signature "alert tcp any any -> $HOME_NET [80,443] (msg:"Directory Traversal Attempt"; flow:to_server,established; content:"../"; http_uri; classtype:web-application-attack; sid:1000009; rev:1;)" from file /etc/suricata/rules/custom-ml.rules at line 17
[1 - Suricata-Main] 2025-09-06 10:56:11 Error: detect-content: Invalid hex code assembly in content - |.  Invalidating signature.
[1 - Suricata-Main] 2025-09-06 10:56:11 Error: detect: error parsing signature "alert tcp any any -> $HOME_NET [80,443] (msg:"Command Injection Attempt"; flow:to_server,established; content:"|"; http_uri; classtype:web-application-attack; sid:1000010; rev:1;)" from file /etc/suricata/rules/custom-ml.rules at line 20
[1 - Suricata-Main] 2025-09-06 10:56:11 Info: detect: 3 rule files processed. 29 rules successfully loaded, 11 rules failed
[1 - Suricata-Main] 2025-09-06 10:56:11 Error: suricata: Loading signatures failed.
[1 - Suricata-Main] 2025-09-06 10:57:05 Notice: suricata: This is Suricata version 7.0.2 RELEASE running in SYSTEM mode
[1 - Suricata-Main] 2025-09-06 10:57:05 Info: cpu: CPUs/cores online: 4
[1 - Suricata-Main] 2025-09-06 10:57:05 Info: suricata: Setting engine mode to IDS mode by default
[1 - Suricata-Main] 2025-09-06 10:57:05 Info: app-layer-htp-mem: HTTP memcap: 67108864
[1 - Suricata-Main] 2025-09-06 10:57:05 Info: ioctl: eth0: MTU 1500
[1 - Suricata-Main] 2025-09-06 10:57:05 Notice: tmqh-flow: using flow hash instead of active packets
[1 - Suricata-Main] 2025-09-06 10:57:05 Info: suricata: No 'host-mode': suricata is in IDS mode, using default setting 'sniffer-only'
[1 - Suricata-Main] 2025-09-06 10:57:05 Info: logopenfile: eve-log output device (regular) initialized: /var/log/suricata/eve.json
[1 - Suricata-Main] 2025-09-06 10:57:05 Info: logopenfile: fast output device (regular) initialized: /var/log/suricata/fast.log
[1 - Suricata-Main] 2025-09-06 10:57:05 Info: logopenfile: stats output device (regular) initialized: /var/log/suricata/stats.log
[1 - Suricata-Main] 2025-09-06 10:57:05 Error: detect-parse: rule 1000005 setup buffer dns_query but didn't add matches to it
[1 - Suricata-Main] 2025-09-06 10:57:05 Error: detect: error parsing signature "alert dns any any -> any any (msg:"Suspicious DNS Query Length"; dns.query; dsize:>100; classtype:policy-violation; sid:1000005; rev:1;)" from file /etc/suricata/rules/suricata.rules at line 11
[1 - Suricata-Main] 2025-09-06 10:57:05 Error: detect-parse: unknown rule keyword 'dns.rcode'.
[1 - Suricata-Main] 2025-09-06 10:57:05 Error: detect: error parsing signature "alert dns any any -> any any (msg:"ET POLICY Suspicious DNS Response"; dns.opcode:0; dns.rcode:3; threshold: type both, track by_src, count 10, seconds 60; classtype:policy-violation; sid:2000008; rev:1;)" from file /etc/suricata/rules/emerging-threats.rules at line 18
[1 - Suricata-Main] 2025-09-06 10:57:05 Error: detect-parse: Duplicate signature "alert icmp any any -> $HOME_NET any (msg:"ICMP Ping Sweep Detected"; itype:8; threshold:type both, track by_src, count 10, seconds 60; classtype:network-scan; sid:1000001; rev:1;)"
[1 - Suricata-Main] 2025-09-06 10:57:05 Error: detect: error parsing signature "alert icmp any any -> $HOME_NET any (msg:"ICMP Ping Sweep Detected"; itype:8; threshold:type both, track by_src, count 10, seconds 60; classtype:network-scan; sid:1000001; rev:1;)" from file /etc/suricata/rules/custom-ml.rules at line 5
[1 - Suricata-Main] 2025-09-06 10:57:05 Error: detect-parse: Duplicate signature "alert tcp any any -> $HOME_NET any (msg:"TCP Port Scan Detected"; flags:S; threshold:type both, track by_src, count 20, seconds 60; classtype:network-scan; sid:1000002; rev:1;)"
[1 - Suricata-Main] 2025-09-06 10:57:05 Error: detect: error parsing signature "alert tcp any any -> $HOME_NET any (msg:"TCP Port Scan Detected"; flags:S; threshold:type both, track by_src, count 20, seconds 60; classtype:network-scan; sid:1000002; rev:1;)" from file /etc/suricata/rules/custom-ml.rules at line 6
[1 - Suricata-Main] 2025-09-06 10:57:05 Error: detect-parse: Duplicate signature "alert udp any any -> $HOME_NET any (msg:"UDP Port Scan Detected"; threshold:type both, track by_src, count 20, seconds 60; classtype:network-scan; sid:1000003; rev:1;)"
[1 - Suricata-Main] 2025-09-06 10:57:05 Error: detect: error parsing signature "alert udp any any -> $HOME_NET any (msg:"UDP Port Scan Detected"; threshold:type both, track by_src, count 20, seconds 60; classtype:network-scan; sid:1000003; rev:1;)" from file /etc/suricata/rules/custom-ml.rules at line 7
[1 - Suricata-Main] 2025-09-06 10:57:05 Error: detect-parse: Duplicate signature "alert tcp any any -> $HOME_NET 22 (msg:"SSH Brute Force Attempt"; flow:to_server,established; content:"SSH"; offset:0; depth:3; threshold:type both, track by_src, count 5, seconds 300; classtype:attempted-admin; sid:1000004; rev:1;)"
[1 - Suricata-Main] 2025-09-06 10:57:05 Error: detect: error parsing signature "alert tcp any any -> $HOME_NET 22 (msg:"SSH Brute Force Attempt"; flow:to_server,established; content:"SSH"; offset:0; depth:3; threshold:type both, track by_src, count 5, seconds 300; classtype:attempted-admin; sid:1000004; rev:1;)" from file /etc/suricata/rules/custom-ml.rules at line 10
[1 - Suricata-Main] 2025-09-06 10:57:05 Error: detect-parse: Duplicate signature "alert tcp any any -> $HOME_NET [80,443] (msg:"HTTP Auth Brute Force"; flow:to_server,established; content:"Authorization:"; http_header; threshold:type both, track by_src, count 10, seconds 300; classtype:web-application-attack; sid:1000006; rev:1;)"
[1 - Suricata-Main] 2025-09-06 10:57:05 Error: detect: error parsing signature "alert tcp any any -> $HOME_NET [80,443] (msg:"HTTP Auth Brute Force"; flow:to_server,established; content:"Authorization:"; http_header; threshold:type both, track by_src, count 10, seconds 300; classtype:web-application-attack; sid:1000006; rev:1;)" from file /etc/suricata/rules/custom-ml.rules at line 12
[1 - Suricata-Main] 2025-09-06 10:57:05 Error: detect-parse: Duplicate signature "alert tcp any any -> $HOME_NET [80,443] (msg:"SQL Injection Attempt"; flow:to_server,established; content:"SELECT"; http_uri; nocase; pcre:"/select.+from/i"; classtype:web-application-attack; sid:1000007; rev:1;)"
[1 - Suricata-Main] 2025-09-06 10:57:05 Error: detect: error parsing signature "alert tcp any any -> $HOME_NET [80,443] (msg:"SQL Injection Attempt"; flow:to_server,established; content:"SELECT"; http_uri; nocase; pcre:"/select.+from/i"; classtype:web-application-attack; sid:1000007; rev:1;)" from file /etc/suricata/rules/custom-ml.rules at line 15
[1 - Suricata-Main] 2025-09-06 10:57:05 Error: detect-parse: Duplicate signature "alert tcp any any -> $HOME_NET [80,443] (msg:"XSS Attempt Detected"; flow:to_server,established; content:"<script"; http_uri; nocase; classtype:web-application-attack; sid:1000008; rev:1;)"
[1 - Suricata-Main] 2025-09-06 10:57:05 Error: detect: error parsing signature "alert tcp any any -> $HOME_NET [80,443] (msg:"XSS Attempt Detected"; flow:to_server,established; content:"<script"; http_uri; nocase; classtype:web-application-attack; sid:1000008; rev:1;)" from file /etc/suricata/rules/custom-ml.rules at line 16
[1 - Suricata-Main] 2025-09-06 10:57:05 Error: detect-parse: Duplicate signature "alert tcp any any -> $HOME_NET [80,443] (msg:"Directory Traversal Attempt"; flow:to_server,established; content:"../"; http_uri; classtype:web-application-attack; sid:1000009; rev:1;)"
[1 - Suricata-Main] 2025-09-06 10:57:05 Error: detect: error parsing signature "alert tcp any any -> $HOME_NET [80,443] (msg:"Directory Traversal Attempt"; flow:to_server,established; content:"../"; http_uri; classtype:web-application-attack; sid:1000009; rev:1;)" from file /etc/suricata/rules/custom-ml.rules at line 17
[1 - Suricata-Main] 2025-09-06 10:57:05 Error: detect-parse: Duplicate signature "alert tcp any any -> $HOME_NET [80,443] (msg:"Command Injection Attempt"; flow:to_server,established; content:"cmd="; http_uri; classtype:web-application-attack; sid:1000010; rev:1;)"
[1 - Suricata-Main] 2025-09-06 10:57:05 Error: detect: error parsing signature "alert tcp any any -> $HOME_NET [80,443] (msg:"Command Injection Attempt"; flow:to_server,established; content:"cmd="; http_uri; classtype:web-application-attack; sid:1000010; rev:1;)" from file /etc/suricata/rules/custom-ml.rules at line 20
[1 - Suricata-Main] 2025-09-06 10:57:05 Info: detect: 3 rule files processed. 29 rules successfully loaded, 11 rules failed
[1 - Suricata-Main] 2025-09-06 10:57:05 Error: suricata: Loading signatures failed.
[1 - Suricata-Main] 2025-09-06 10:57:32 Notice: suricata: This is Suricata version 7.0.2 RELEASE running in SYSTEM mode
[1 - Suricata-Main] 2025-09-06 10:57:32 Info: cpu: CPUs/cores online: 4
[1 - Suricata-Main] 2025-09-06 10:57:32 Info: suricata: Setting engine mode to IDS mode by default
[1 - Suricata-Main] 2025-09-06 10:57:32 Info: app-layer-htp-mem: HTTP memcap: 67108864
[1 - Suricata-Main] 2025-09-06 10:57:32 Info: ioctl: eth0: MTU 1500
[1 - Suricata-Main] 2025-09-06 10:57:32 Notice: tmqh-flow: using flow hash instead of active packets
[1 - Suricata-Main] 2025-09-06 10:57:32 Info: suricata: No 'host-mode': suricata is in IDS mode, using default setting 'sniffer-only'
[1 - Suricata-Main] 2025-09-06 10:57:32 Info: logopenfile: eve-log output device (regular) initialized: /var/log/suricata/eve.json
[1 - Suricata-Main] 2025-09-06 10:57:32 Info: logopenfile: fast output device (regular) initialized: /var/log/suricata/fast.log
[1 - Suricata-Main] 2025-09-06 10:57:32 Info: logopenfile: stats output device (regular) initialized: /var/log/suricata/stats.log
[1 - Suricata-Main] 2025-09-06 10:57:32 Error: detect-parse: rule 1000005 setup buffer dns_query but didn't add matches to it
[1 - Suricata-Main] 2025-09-06 10:57:32 Error: detect: error parsing signature "alert dns any any -> any any (msg:"Suspicious DNS Query Length"; dns.query; dsize:>100; classtype:policy-violation; sid:1000005; rev:1;)" from file /etc/suricata/rules/suricata.rules at line 11
[1 - Suricata-Main] 2025-09-06 10:57:32 Error: detect-parse: unknown rule keyword 'dns.rcode'.
[1 - Suricata-Main] 2025-09-06 10:57:32 Error: detect: error parsing signature "alert dns any any -> any any (msg:"ET POLICY Suspicious DNS Response"; dns.opcode:0; dns.rcode:3; threshold: type both, track by_src, count 10, seconds 60; classtype:policy-violation; sid:2000008; rev:1;)" from file /etc/suricata/rules/emerging-threats.rules at line 18
[1 - Suricata-Main] 2025-09-06 10:57:32 Error: detect-parse: Duplicate signature "alert icmp any any -> $HOME_NET any (msg:"ICMP Ping Sweep Detected"; itype:8; threshold:type both, track by_src, count 10, seconds 60; classtype:network-scan; sid:1000001; rev:1;)"
[1 - Suricata-Main] 2025-09-06 10:57:32 Error: detect: error parsing signature "alert icmp any any -> $HOME_NET any (msg:"ICMP Ping Sweep Detected"; itype:8; threshold:type both, track by_src, count 10, seconds 60; classtype:network-scan; sid:1000001; rev:1;)" from file /etc/suricata/rules/custom-ml.rules at line 5
[1 - Suricata-Main] 2025-09-06 10:57:32 Error: detect-parse: Duplicate signature "alert tcp any any -> $HOME_NET any (msg:"TCP Port Scan Detected"; flags:S; threshold:type both, track by_src, count 20, seconds 60; classtype:network-scan; sid:1000002; rev:1;)"
[1 - Suricata-Main] 2025-09-06 10:57:32 Error: detect: error parsing signature "alert tcp any any -> $HOME_NET any (msg:"TCP Port Scan Detected"; flags:S; threshold:type both, track by_src, count 20, seconds 60; classtype:network-scan; sid:1000002; rev:1;)" from file /etc/suricata/rules/custom-ml.rules at line 6
[1 - Suricata-Main] 2025-09-06 10:57:32 Error: detect-parse: Duplicate signature "alert tcp any any -> $HOME_NET 80 (msg:"HTTP SQL Injection Attempt"; flow:to_server,established; content:"SELECT"; nocase; classtype:web-application-attack; sid:1000003; rev:1;)"
[1 - Suricata-Main] 2025-09-06 10:57:32 Error: detect: error parsing signature "alert tcp any any -> $HOME_NET 80 (msg:"HTTP SQL Injection Attempt"; flow:to_server,established; content:"SELECT"; nocase; classtype:web-application-attack; sid:1000003; rev:1;)" from file /etc/suricata/rules/custom-ml.rules at line 9
[1 - Suricata-Main] 2025-09-06 10:57:32 Error: detect-parse: Duplicate signature "alert tcp any any -> $HOME_NET 80 (msg:"HTTP XSS Attempt"; flow:to_server,established; content:"<script"; nocase; classtype:web-application-attack; sid:1000004; rev:1;)"
[1 - Suricata-Main] 2025-09-06 10:57:32 Error: detect: error parsing signature "alert tcp any any -> $HOME_NET 80 (msg:"HTTP XSS Attempt"; flow:to_server,established; content:"<script"; nocase; classtype:web-application-attack; sid:1000004; rev:1;)" from file /etc/suricata/rules/custom-ml.rules at line 10
[1 - Suricata-Main] 2025-09-06 10:57:32 Error: detect-parse: Duplicate signature "alert tcp any any -> $HOME_NET 22 (msg:"SSH Connection Attempt"; flow:to_server,established; content:"SSH"; offset:0; depth:3; threshold:type both, track by_src, count 5, seconds 300; classtype:attempted-admin; sid:1000006; rev:1;)"
[1 - Suricata-Main] 2025-09-06 10:57:32 Error: detect: error parsing signature "alert tcp any any -> $HOME_NET 22 (msg:"SSH Connection Attempt"; flow:to_server,established; content:"SSH"; offset:0; depth:3; threshold:type both, track by_src, count 5, seconds 300; classtype:attempted-admin; sid:1000006; rev:1;)" from file /etc/suricata/rules/custom-ml.rules at line 14
[1 - Suricata-Main] 2025-09-06 10:57:32 Error: detect-parse: Duplicate signature "alert tcp $HOME_NET any -> any any (msg:"Suspicious Outbound Connection"; flow:to_server,established; threshold:type both, track by_src, count 100, seconds 60; classtype:trojan-activity; sid:1000007; rev:1;)"
[1 - Suricata-Main] 2025-09-06 10:57:32 Error: detect: error parsing signature "alert tcp $HOME_NET any -> any any (msg:"Suspicious Outbound Connection"; flow:to_server,established; threshold:type both, track by_src, count 100, seconds 60; classtype:trojan-activity; sid:1000007; rev:1;)" from file /etc/suricata/rules/custom-ml.rules at line 17
[1 - Suricata-Main] 2025-09-06 10:57:32 Error: detect-parse: Duplicate signature "alert tcp any any -> $HOME_NET any (msg:"TCP SYN Flood"; flags:S; threshold:type both, track by_src, count 100, seconds 10; classtype:denial-of-service; sid:1000008; rev:1;)"
[1 - Suricata-Main] 2025-09-06 10:57:32 Error: detect: error parsing signature "alert tcp any any -> $HOME_NET any (msg:"TCP SYN Flood"; flags:S; threshold:type both, track by_src, count 100, seconds 10; classtype:denial-of-service; sid:1000008; rev:1;)" from file /etc/suricata/rules/custom-ml.rules at line 20
[1 - Suricata-Main] 2025-09-06 10:57:32 Error: detect-parse: Duplicate signature "alert tcp any any -> $HOME_NET any (msg:"ML Training - Synthetic Attack Pattern 1"; content:"ML_ATTACK_SIG_1"; classtype:trojan-activity; sid:1000009; rev:1;)"
[1 - Suricata-Main] 2025-09-06 10:57:32 Error: detect: error parsing signature "alert tcp any any -> $HOME_NET any (msg:"ML Training - Synthetic Attack Pattern 1"; content:"ML_ATTACK_SIG_1"; classtype:trojan-activity; sid:1000009; rev:1;)" from file /etc/suricata/rules/custom-ml.rules at line 23
[1 - Suricata-Main] 2025-09-06 10:57:32 Error: detect-parse: Duplicate signature "alert tcp any any -> $HOME_NET any (msg:"ML Training - Synthetic Attack Pattern 2"; content:"ML_ATTACK_SIG_2"; classtype:trojan-activity; sid:1000010; rev:1;)"
[1 - Suricata-Main] 2025-09-06 10:57:32 Error: detect: error parsing signature "alert tcp any any -> $HOME_NET any (msg:"ML Training - Synthetic Attack Pattern 2"; content:"ML_ATTACK_SIG_2"; classtype:trojan-activity; sid:1000010; rev:1;)" from file /etc/suricata/rules/custom-ml.rules at line 24
[1 - Suricata-Main] 2025-09-06 10:57:32 Info: detect: 3 rule files processed. 17 rules successfully loaded, 11 rules failed
[1 - Suricata-Main] 2025-09-06 10:57:32 Error: suricata: Loading signatures failed.
[1 - Suricata-Main] 2025-09-06 10:58:18 Notice: suricata: This is Suricata version 7.0.2 RELEASE running in SYSTEM mode
[1 - Suricata-Main] 2025-09-06 10:58:18 Info: cpu: CPUs/cores online: 4
[1 - Suricata-Main] 2025-09-06 10:58:18 Info: suricata: Setting engine mode to IDS mode by default
[1 - Suricata-Main] 2025-09-06 10:58:18 Info: app-layer-htp-mem: HTTP memcap: 67108864
[1 - Suricata-Main] 2025-09-06 10:58:18 Info: ioctl: eth0: MTU 1500
[1 - Suricata-Main] 2025-09-06 10:58:18 Notice: tmqh-flow: using flow hash instead of active packets
[1 - Suricata-Main] 2025-09-06 10:58:18 Info: suricata: No 'host-mode': suricata is in IDS mode, using default setting 'sniffer-only'
[1 - Suricata-Main] 2025-09-06 10:58:18 Info: logopenfile: eve-log output device (regular) initialized: /var/log/suricata/eve.json
[1 - Suricata-Main] 2025-09-06 10:58:18 Info: logopenfile: fast output device (regular) initialized: /var/log/suricata/fast.log
[1 - Suricata-Main] 2025-09-06 10:58:18 Info: logopenfile: stats output device (regular) initialized: /var/log/suricata/stats.log
[1 - Suricata-Main] 2025-09-06 10:58:18 Error: detect-parse: rule 1000005 setup buffer dns_query but didn't add matches to it
[1 - Suricata-Main] 2025-09-06 10:58:18 Error: detect: error parsing signature "alert dns any any -> any any (msg:"Suspicious DNS Query Length"; dns.query; dsize:>100; classtype:policy-violation; sid:1000005; rev:1;)" from file /etc/suricata/rules/suricata.rules at line 11
[1 - Suricata-Main] 2025-09-06 10:58:18 Error: detect-parse: unknown rule keyword 'dns.rcode'.
[1 - Suricata-Main] 2025-09-06 10:58:18 Error: detect: error parsing signature "alert dns any any -> any any (msg:"ET POLICY Suspicious DNS Response"; dns.opcode:0; dns.rcode:3; threshold: type both, track by_src, count 10, seconds 60; classtype:policy-violation; sid:2000008; rev:1;)" from file /etc/suricata/rules/emerging-threats.rules at line 18
[1 - Suricata-Main] 2025-09-06 10:58:18 Error: detect-parse: Duplicate signature "alert icmp any any -> $HOME_NET any (msg:"ICMP Ping Sweep Detected"; itype:8; threshold:type both, track by_src, count 10, seconds 60; classtype:network-scan; sid:1000001; rev:1;)"
[1 - Suricata-Main] 2025-09-06 10:58:18 Error: detect: error parsing signature "alert icmp any any -> $HOME_NET any (msg:"ICMP Ping Sweep Detected"; itype:8; threshold:type both, track by_src, count 10, seconds 60; classtype:network-scan; sid:1000001; rev:1;)" from file /etc/suricata/rules/custom-ml.rules at line 5
[1 - Suricata-Main] 2025-09-06 10:58:18 Error: detect-parse: Duplicate signature "alert tcp any any -> $HOME_NET any (msg:"TCP Port Scan Detected"; flags:S; threshold:type both, track by_src, count 20, seconds 60; classtype:network-scan; sid:1000002; rev:1;)"
[1 - Suricata-Main] 2025-09-06 10:58:18 Error: detect: error parsing signature "alert tcp any any -> $HOME_NET any (msg:"TCP Port Scan Detected"; flags:S; threshold:type both, track by_src, count 20, seconds 60; classtype:network-scan; sid:1000002; rev:1;)" from file /etc/suricata/rules/custom-ml.rules at line 6
[1 - Suricata-Main] 2025-09-06 10:58:18 Error: detect-parse: Duplicate signature "alert tcp any any -> $HOME_NET 80 (msg:"HTTP SQL Injection Attempt"; flow:to_server,established; content:"SELECT"; nocase; classtype:web-application-attack; sid:1000003; rev:1;)"
[1 - Suricata-Main] 2025-09-06 10:58:18 Error: detect: error parsing signature "alert tcp any any -> $HOME_NET 80 (msg:"HTTP SQL Injection Attempt"; flow:to_server,established; content:"SELECT"; nocase; classtype:web-application-attack; sid:1000003; rev:1;)" from file /etc/suricata/rules/custom-ml.rules at line 9
[1 - Suricata-Main] 2025-09-06 10:58:18 Error: detect-parse: Duplicate signature "alert tcp any any -> $HOME_NET 80 (msg:"HTTP XSS Attempt"; flow:to_server,established; content:"script"; nocase; classtype:web-application-attack; sid:1000004; rev:1;)"
[1 - Suricata-Main] 2025-09-06 10:58:18 Error: detect: error parsing signature "alert tcp any any -> $HOME_NET 80 (msg:"HTTP XSS Attempt"; flow:to_server,established; content:"script"; nocase; classtype:web-application-attack; sid:1000004; rev:1;)" from file /etc/suricata/rules/custom-ml.rules at line 10
[1 - Suricata-Main] 2025-09-06 10:58:18 Error: detect-parse: Duplicate signature "alert tcp any any -> $HOME_NET any (msg:"ML Training Synthetic Attack"; content:"ATTACK"; classtype:trojan-activity; sid:1000006; rev:1;)"
[1 - Suricata-Main] 2025-09-06 10:58:18 Error: detect: error parsing signature "alert tcp any any -> $HOME_NET any (msg:"ML Training Synthetic Attack"; content:"ATTACK"; classtype:trojan-activity; sid:1000006; rev:1;)" from file /etc/suricata/rules/custom-ml.rules at line 16
[1 - Suricata-Main] 2025-09-06 10:58:18 Info: detect: 3 rule files processed. 17 rules successfully loaded, 7 rules failed
[1 - Suricata-Main] 2025-09-06 10:58:18 Error: suricata: Loading signatures failed.
[1 - Suricata-Main] 2025-09-06 10:59:02 Notice: suricata: This is Suricata version 7.0.2 RELEASE running in SYSTEM mode
[1 - Suricata-Main] 2025-09-06 10:59:02 Info: cpu: CPUs/cores online: 4
[1 - Suricata-Main] 2025-09-06 10:59:02 Info: suricata: Setting engine mode to IDS mode by default
[1 - Suricata-Main] 2025-09-06 10:59:02 Info: app-layer-htp-mem: HTTP memcap: 67108864
[1 - Suricata-Main] 2025-09-06 10:59:02 Info: ioctl: eth0: MTU 1500
[1 - Suricata-Main] 2025-09-06 10:59:02 Notice: tmqh-flow: using flow hash instead of active packets
[1 - Suricata-Main] 2025-09-06 10:59:02 Info: suricata: No 'host-mode': suricata is in IDS mode, using default setting 'sniffer-only'
[1 - Suricata-Main] 2025-09-06 10:59:02 Info: logopenfile: eve-log output device (regular) initialized: /var/log/suricata/eve.json
[1 - Suricata-Main] 2025-09-06 10:59:02 Info: logopenfile: fast output device (regular) initialized: /var/log/suricata/fast.log
[1 - Suricata-Main] 2025-09-06 10:59:02 Info: logopenfile: stats output device (regular) initialized: /var/log/suricata/stats.log
[1 - Suricata-Main] 2025-09-06 10:59:02 Error: detect-parse: rule 1000005 setup buffer dns_query but didn't add matches to it
[1 - Suricata-Main] 2025-09-06 10:59:02 Error: detect: error parsing signature "alert dns any any -> any any (msg:"Suspicious DNS Query Length"; dns.query; dsize:>100; classtype:policy-violation; sid:1000005; rev:1;)" from file /etc/suricata/rules/suricata.rules at line 11
[1 - Suricata-Main] 2025-09-06 10:59:02 Info: detect: 1 rule files processed. 9 rules successfully loaded, 1 rules failed
[1 - Suricata-Main] 2025-09-06 10:59:02 Error: suricata: Loading signatures failed.
[1 - Suricata-Main] 2025-09-06 10:59:58 Notice: suricata: This is Suricata version 7.0.2 RELEASE running in SYSTEM mode
[1 - Suricata-Main] 2025-09-06 10:59:58 Info: cpu: CPUs/cores online: 4
[1 - Suricata-Main] 2025-09-06 10:59:58 Info: suricata: Setting engine mode to IDS mode by default
[1 - Suricata-Main] 2025-09-06 10:59:58 Info: app-layer-htp-mem: HTTP memcap: 67108864
[1 - Suricata-Main] 2025-09-06 10:59:58 Info: ioctl: eth0: MTU 1500
[1 - Suricata-Main] 2025-09-06 10:59:58 Notice: tmqh-flow: using flow hash instead of active packets
[1 - Suricata-Main] 2025-09-06 10:59:58 Info: suricata: No 'host-mode': suricata is in IDS mode, using default setting 'sniffer-only'
[1 - Suricata-Main] 2025-09-06 10:59:58 Info: logopenfile: eve-log output device (regular) initialized: /var/log/suricata/eve.json
[1 - Suricata-Main] 2025-09-06 10:59:58 Info: logopenfile: fast output device (regular) initialized: /var/log/suricata/fast.log
[1 - Suricata-Main] 2025-09-06 10:59:58 Info: logopenfile: stats output device (regular) initialized: /var/log/suricata/stats.log
[1 - Suricata-Main] 2025-09-06 10:59:58 Info: detect: 1 rule files processed. 10 rules successfully loaded, 0 rules failed
[1 - Suricata-Main] 2025-09-06 10:59:58 Info: threshold-config: Threshold config parsed: 0 rule(s) found
[1 - Suricata-Main] 2025-09-06 10:59:58 Info: detect: 10 signatures processed. 0 are IP-only rules, 3 are inspecting packet payload, 3 inspect application layer, 0 are decoder event only
[1 - Suricata-Main] 2025-09-06 10:59:58 Info: runmodes: Going to use 4 ReceiveAFP receive thread(s)
[1 - Suricata-Main] 2025-09-06 10:59:58 Info: unix-manager: unix socket '/var/run/suricata/suricata-command.socket'
[1 - Suricata-Main] 2025-09-06 10:59:58 Notice: threads: Threads created -> RX: 4 W: 4 FM: 1 FR: 1   Engine started.
